Copyright 1986-2022 Xilinx, Inc. All Rights Reserved. Copyright 2022-2025 Advanced Micro Devices, Inc. All Rights Reserved.
---------------------------------------------------------------------------------------------------------------------------------------------
| Tool Version : Vivado v.2025.2 (win64) Build 6299465 Fri Nov 14 19:35:11 GMT 2025
| Date         : Sat Jan 17 04:28:53 2026
| Host         : DESKTOP-S8J1DO5 running 64-bit major release  (build 9200)
| Command      : report_utilization -file xcv_hdmi_utilization_synth.rpt -pb xcv_hdmi_utilization_synth.pb
| Design       : xcv_hdmi
| Device       : xczu5ev-fbvb900-2-e
| Speed File   : -2
| Design State : Synthesized
---------------------------------------------------------------------------------------------------------------------------------------------

Utilization Design Information

Table of Contents
-----------------
1. CLB Logic
1.1 Summary of Registers by Type
2. BLOCKRAM
3. ARITHMETIC
4. I/O
5. CLOCK
6. ADVANCED
7. CONFIGURATION
8. Primitives
9. Black Boxes
10. Instantiated Netlists

1. CLB Logic
------------

+-------------------------+------+-------+------------+-----------+-------+
|        Site Type        | Used | Fixed | Prohibited | Available | Util% |
+-------------------------+------+-------+------------+-----------+-------+
| CLB LUTs*               |  839 |     0 |          0 |    117120 |  0.72 |
|   LUT as Logic          |  839 |     0 |          0 |    117120 |  0.72 |
|   LUT as Memory         |    0 |     0 |          0 |     57600 |  0.00 |
| CLB Registers           | 1999 |     0 |          0 |    234240 |  0.85 |
|   Register as Flip Flop | 1999 |     0 |          0 |    234240 |  0.85 |
|   Register as Latch     |    0 |     0 |          0 |    234240 |  0.00 |
| CARRY8                  |   56 |     0 |          0 |     14640 |  0.38 |
| F7 Muxes                |    0 |     0 |          0 |     58560 |  0.00 |
| F8 Muxes                |    0 |     0 |          0 |     29280 |  0.00 |
| F9 Muxes                |    0 |     0 |          0 |     14640 |  0.00 |
| Unique Control Sets     |  190 |       |          0 |     29280 |  0.65 |
+-------------------------+------+-------+------------+-----------+-------+
* Warning! The Final LUT count, after physical optimizations and full implementation, is typically lower. Run opt_design after synthesis, if not already completed, for a more realistic count.
Warning! LUT value is adjusted to account for LUT combining.
Warning! For any ECO changes, please run place_design if there are unplaced instances
** Note: Available Control Sets calculated as Slices * 2, Review the Control Sets Report for more information regarding control sets.


1.1 Summary of Registers by Type
--------------------------------

+-------+--------------+-------------+--------------+
| Total | Clock Enable | Synchronous | Asynchronous |
+-------+--------------+-------------+--------------+
| 0     |            _ |           - |            - |
| 0     |            _ |           - |          Set |
| 0     |            _ |           - |        Reset |
| 0     |            _ |         Set |            - |
| 0     |            _ |       Reset |            - |
| 0     |          Yes |           - |            - |
| 120   |          Yes |           - |          Set |
| 143   |          Yes |           - |        Reset |
| 51    |          Yes |         Set |            - |
| 1685  |          Yes |       Reset |            - |
+-------+--------------+-------------+--------------+


2. BLOCKRAM
-----------

+----------------+------+-------+------------+-----------+-------+
|    Site Type   | Used | Fixed | Prohibited | Available | Util% |
+----------------+------+-------+------------+-----------+-------+
| Block RAM Tile |    0 |     0 |          0 |       144 |  0.00 |
|   RAMB36/FIFO* |    0 |     0 |          0 |       144 |  0.00 |
|   RAMB18       |    0 |     0 |          0 |       288 |  0.00 |
| URAM           |    0 |     0 |          0 |        64 |  0.00 |
+----------------+------+-------+------------+-----------+-------+
* Note: Each Block RAM Tile only has one FIFO logic available and therefore can accommodate only one FIFO36E2 or one FIFO18E2. However, if a FIFO18E2 occupies a Block RAM Tile, that tile can still accommodate a RAMB18E2


3. ARITHMETIC
-------------

+-----------+------+-------+------------+-----------+-------+
| Site Type | Used | Fixed | Prohibited | Available | Util% |
+-----------+------+-------+------------+-----------+-------+
| DSPs      |    0 |     0 |          0 |      1248 |  0.00 |
+-----------+------+-------+------------+-----------+-------+


4. I/O
------

+------------------+------+-------+------------+-----------+-------+
|     Site Type    | Used | Fixed | Prohibited | Available | Util% |
+------------------+------+-------+------------+-----------+-------+
| Bonded IOB       |    0 |     0 |          0 |       204 |  0.00 |
|   HPIOB_M        |    0 |     0 |          0 |        72 |  0.00 |
|   HPIOB_S        |    0 |     0 |          0 |        72 |  0.00 |
|   HDIOB_M        |    0 |     0 |          0 |        24 |  0.00 |
|   HDIOB_S        |    0 |     0 |          0 |        24 |  0.00 |
|   HPIOB_SNGL     |    0 |     0 |          0 |        12 |  0.00 |
| HPIOBDIFFINBUF   |    0 |     0 |          0 |        96 |  0.00 |
| HPIOBDIFFOUTBUF  |    0 |     0 |          0 |        96 |  0.00 |
| HDIOBDIFFINBUF   |    0 |     0 |          0 |        48 |  0.00 |
| BITSLICE_CONTROL |    0 |     0 |          0 |        32 |  0.00 |
| BITSLICE_RX_TX   |    0 |     0 |          0 |      1248 |  0.00 |
| BITSLICE_TX      |    0 |     0 |          0 |        32 |  0.00 |
| RIU_OR           |    0 |     0 |          0 |        16 |  0.00 |
+------------------+------+-------+------------+-----------+-------+


5. CLOCK
--------

+------------+------+-------+------------+-----------+-------+
|  Site Type | Used | Fixed | Prohibited | Available | Util% |
+------------+------+-------+------------+-----------+-------+
| BUFGCE     |    0 |     0 |          0 |       112 |  0.00 |
| BUFGCE_DIV |    0 |     0 |          0 |        16 |  0.00 |
| BUFG_GT    |   10 |     0 |          0 |        96 | 10.42 |
| BUFG_PS    |    0 |     0 |          0 |        96 |  0.00 |
| BUFGCTRL*  |    0 |     0 |          0 |        32 |  0.00 |
| PLL        |    0 |     0 |          0 |         8 |  0.00 |
| MMCM       |    0 |     0 |          0 |         4 |  0.00 |
+------------+------+-------+------------+-----------+-------+
* Note: Each used BUFGCTRL counts as two GLOBAL CLOCK BUFFERs. This table does not include global clocking resources, only buffer cell usage. See the Clock Utilization Report (report_clock_utilization) for detailed accounting of global clocking resource availability.


6. ADVANCED
-----------

+-----------------+------+-------+------------+-----------+-------+
|    Site Type    | Used | Fixed | Prohibited | Available | Util% |
+-----------------+------+-------+------------+-----------+-------+
| GTHE4_CHANNEL   |    4 |     0 |          0 |        16 | 25.00 |
| GTHE4_COMMON    |    1 |     0 |          0 |         4 | 25.00 |
| OBUFDS_GTE4     |    0 |     0 |          0 |         8 |  0.00 |
| OBUFDS_GTE4_ADV |    0 |     0 |          0 |         8 |  0.00 |
| PCIE40E4        |    0 |     0 |          0 |         2 |  0.00 |
| PS8             |    0 |     0 |          0 |         1 |  0.00 |
| SYSMONE4        |    0 |     0 |          0 |         1 |  0.00 |
| VCU             |    0 |     0 |          0 |         1 |  0.00 |
+-----------------+------+-------+------------+-----------+-------+


7. CONFIGURATION
----------------

+-------------+------+-------+------------+-----------+-------+
|  Site Type  | Used | Fixed | Prohibited | Available | Util% |
+-------------+------+-------+------------+-----------+-------+
| BSCANE2     |    0 |     0 |          0 |         4 |  0.00 |
| DNA_PORTE2  |    0 |     0 |          0 |         1 |  0.00 |
| EFUSE_USR   |    0 |     0 |          0 |         1 |  0.00 |
| FRAME_ECCE4 |    0 |     0 |          0 |         1 |  0.00 |
| ICAPE3      |    0 |     0 |          0 |         2 |  0.00 |
| MASTER_JTAG |    0 |     0 |          0 |         1 |  0.00 |
| STARTUPE3   |    0 |     0 |          0 |         1 |  0.00 |
+-------------+------+-------+------------+-----------+-------+


8. Primitives
-------------

+---------------+------+---------------------+
|    Ref Name   | Used | Functional Category |
+---------------+------+---------------------+
| FDRE          | 1685 |            Register |
| LUT2          |  247 |                 CLB |
| LUT6          |  246 |                 CLB |
| LUT4          |  199 |                 CLB |
| LUT3          |  157 |                 CLB |
| FDCE          |  143 |            Register |
| LUT5          |  132 |                 CLB |
| FDPE          |  120 |            Register |
| LUT1          |   82 |                 CLB |
| CARRY8        |   56 |                 CLB |
| FDSE          |   51 |            Register |
| BUFG_GT       |   10 |               Clock |
| BUFG_GT_SYNC  |    8 |               Clock |
| GTHE4_CHANNEL |    4 |            Advanced |
| GTHE4_COMMON  |    1 |            Advanced |
+---------------+------+---------------------+


9. Black Boxes
--------------

+----------+------+
| Ref Name | Used |
+----------+------+


10. Instantiated Netlists
-------------------------

+----------+------+
| Ref Name | Used |
+----------+------+


